{"C:\\Users\\harri\\OneDrive\\Desktop\\CISC275\\quizzer_start\\src\\App.tsx": {"path":"C:\\Users\\harri\\OneDrive\\Desktop\\CISC275\\quizzer_start\\src\\App.tsx","statementMap":{"0":{"start":{"line":9,"column":34},"end":{"line":9,"column":57}},"1":{"start":{"line":11,"column":4},"end":{"line":27,"column":6}},"2":{"start":{"line":17,"column":24},"end":{"line":17,"column":45}}},"fnMap":{"0":{"name":"App","decl":{"start":{"line":8,"column":9},"end":{"line":8,"column":12}},"loc":{"start":{"line":8,"column":28},"end":{"line":28,"column":1}},"line":8},"1":{"name":"(anonymous_1)","decl":{"start":{"line":16,"column":29},"end":{"line":16,"column":30}},"loc":{"start":{"line":16,"column":35},"end":{"line":18,"column":21}},"line":16}},"branchMap":{"0":{"loc":{"start":{"line":20,"column":21},"end":{"line":20,"column":50}},"type":"cond-expr","locations":[{"start":{"line":20,"column":31},"end":{"line":20,"column":40}},{"start":{"line":20,"column":43},"end":{"line":20,"column":50}}],"line":20},"1":{"loc":{"start":{"line":23,"column":35},"end":{"line":23,"column":61}},"type":"cond-expr","locations":[{"start":{"line":23,"column":45},"end":{"line":23,"column":52}},{"start":{"line":23,"column":55},"end":{"line":23,"column":61}}],"line":23}},"s":{"0":1,"1":1,"2":0},"f":{"0":1,"1":0},"b":{"0":[1,0],"1":[1,0]},"_coverageSchema":"1a1c01bbd47fc00a2c39e90264f33305004495a9","hash":"9bd74b02c12c2c7877b49e7dcd0effa11101cd67"}
,"C:\\Users\\harri\\OneDrive\\Desktop\\CISC275\\quizzer_start\\src\\interfaces\\question.ts": {"path":"C:\\Users\\harri\\OneDrive\\Desktop\\CISC275\\quizzer_start\\src\\interfaces\\question.ts","statementMap":{},"fnMap":{},"branchMap":{},"s":{},"f":{},"b":{}}
,"C:\\Users\\harri\\OneDrive\\Desktop\\CISC275\\quizzer_start\\src\\interfaces\\quiz.ts": {"path":"C:\\Users\\harri\\OneDrive\\Desktop\\CISC275\\quizzer_start\\src\\interfaces\\quiz.ts","statementMap":{},"fnMap":{},"branchMap":{},"s":{},"f":{},"b":{}}
,"C:\\Users\\harri\\OneDrive\\Desktop\\CISC275\\quizzer_start\\src\\quizzer\\AddQuizModal.tsx": {"path":"C:\\Users\\harri\\OneDrive\\Desktop\\CISC275\\quizzer_start\\src\\quizzer\\AddQuizModal.tsx","statementMap":{"0":{"start":{"line":10,"column":28},"end":{"line":68,"column":1}},"1":{"start":{"line":15,"column":30},"end":{"line":15,"column":62}},"2":{"start":{"line":16,"column":28},"end":{"line":16,"column":67}},"3":{"start":{"line":18,"column":24},"end":{"line":23,"column":5}},"4":{"start":{"line":19,"column":8},"end":{"line":19,"column":29}},"5":{"start":{"line":20,"column":8},"end":{"line":20,"column":33}},"6":{"start":{"line":21,"column":8},"end":{"line":21,"column":39}},"7":{"start":{"line":22,"column":8},"end":{"line":22,"column":22}},"8":{"start":{"line":25,"column":4},"end":{"line":67,"column":6}},"9":{"start":{"line":38,"column":33},"end":{"line":38,"column":57}},"10":{"start":{"line":46,"column":37},"end":{"line":46,"column":60}},"11":{"start":{"line":54,"column":28},"end":{"line":54,"column":53}},"12":{"start":{"line":55,"column":28},"end":{"line":55,"column":59}},"13":{"start":{"line":56,"column":28},"end":{"line":56,"column":42}}},"fnMap":{"0":{"name":"(anonymous_0)","decl":{"start":{"line":10,"column":28},"end":{"line":10,"column":29}},"loc":{"start":{"line":14,"column":25},"end":{"line":68,"column":1}},"line":14},"1":{"name":"(anonymous_1)","decl":{"start":{"line":18,"column":24},"end":{"line":18,"column":25}},"loc":{"start":{"line":18,"column":30},"end":{"line":23,"column":5}},"line":18},"2":{"name":"(anonymous_2)","decl":{"start":{"line":36,"column":38},"end":{"line":36,"column":39}},"loc":{"start":{"line":38,"column":33},"end":{"line":38,"column":57}},"line":38},"3":{"name":"(anonymous_3)","decl":{"start":{"line":45,"column":38},"end":{"line":45,"column":39}},"loc":{"start":{"line":46,"column":37},"end":{"line":46,"column":60}},"line":46},"4":{"name":"(anonymous_4)","decl":{"start":{"line":53,"column":33},"end":{"line":53,"column":34}},"loc":{"start":{"line":53,"column":39},"end":{"line":57,"column":25}},"line":53}},"branchMap":{},"s":{"0":2,"1":32,"2":32,"3":32,"4":1,"5":1,"6":1,"7":1,"8":32,"9":0,"10":0,"11":0,"12":0,"13":0},"f":{"0":32,"1":1,"2":0,"3":0,"4":0},"b":{},"_coverageSchema":"1a1c01bbd47fc00a2c39e90264f33305004495a9","hash":"8b991f843a1345836162029767c80161f4ce7500"}
,"C:\\Users\\harri\\OneDrive\\Desktop\\CISC275\\quizzer_start\\src\\quizzer\\QuestionEdit.tsx": {"path":"C:\\Users\\harri\\OneDrive\\Desktop\\CISC275\\quizzer_start\\src\\quizzer\\QuestionEdit.tsx","statementMap":{"0":{"start":{"line":16,"column":28},"end":{"line":258,"column":1}},"1":{"start":{"line":24,"column":19},"end":{"line":26,"column":5}},"2":{"start":{"line":25,"column":50},"end":{"line":25,"column":73}},"3":{"start":{"line":28,"column":29},"end":{"line":38,"column":5}},"4":{"start":{"line":29,"column":8},"end":{"line":29,"column":13}},"5":{"start":{"line":31,"column":12},"end":{"line":31,"column":71}},"6":{"start":{"line":32,"column":8},"end":{"line":37,"column":11}},"7":{"start":{"line":40,"column":24},"end":{"line":48,"column":5}},"8":{"start":{"line":41,"column":8},"end":{"line":41,"column":13}},"9":{"start":{"line":42,"column":8},"end":{"line":47,"column":11}},"10":{"start":{"line":50,"column":25},"end":{"line":53,"column":5}},"11":{"start":{"line":51,"column":5},"end":{"line":51,"column":47}},"12":{"start":{"line":52,"column":8},"end":{"line":52,"column":44}},"13":{"start":{"line":55,"column":31},"end":{"line":66,"column":5}},"14":{"start":{"line":59,"column":27},"end":{"line":59,"column":48}},"15":{"start":{"line":60,"column":8},"end":{"line":60,"column":48}},"16":{"start":{"line":61,"column":8},"end":{"line":65,"column":11}},"17":{"start":{"line":68,"column":30},"end":{"line":75,"column":5}},"18":{"start":{"line":69,"column":20},"end":{"line":69,"column":44}},"19":{"start":{"line":70,"column":8},"end":{"line":70,"column":15}},"20":{"start":{"line":71,"column":8},"end":{"line":74,"column":11}},"21":{"start":{"line":77,"column":4},"end":{"line":257,"column":6}},"22":{"start":{"line":94,"column":36},"end":{"line":97,"column":39}},"23":{"start":{"line":124,"column":52},"end":{"line":124,"column":65}},"24":{"start":{"line":167,"column":44},"end":{"line":170,"column":47}},"25":{"start":{"line":180,"column":44},"end":{"line":207,"column":50}},"26":{"start":{"line":201,"column":56},"end":{"line":204,"column":58}},"27":{"start":{"line":218,"column":43},"end":{"line":218,"column":73}},"28":{"start":{"line":225,"column":43},"end":{"line":225,"column":73}},"29":{"start":{"line":240,"column":28},"end":{"line":243,"column":31}},"30":{"start":{"line":249,"column":28},"end":{"line":249,"column":56}}},"fnMap":{"0":{"name":"(anonymous_0)","decl":{"start":{"line":16,"column":28},"end":{"line":16,"column":29}},"loc":{"start":{"line":23,"column":29},"end":{"line":258,"column":1}},"line":23},"1":{"name":"(anonymous_1)","decl":{"start":{"line":25,"column":35},"end":{"line":25,"column":36}},"loc":{"start":{"line":25,"column":50},"end":{"line":25,"column":73}},"line":25},"2":{"name":"(anonymous_2)","decl":{"start":{"line":28,"column":29},"end":{"line":28,"column":30}},"loc":{"start":{"line":28,"column":73},"end":{"line":38,"column":5}},"line":28},"3":{"name":"(anonymous_3)","decl":{"start":{"line":40,"column":24},"end":{"line":40,"column":25}},"loc":{"start":{"line":40,"column":30},"end":{"line":48,"column":5}},"line":40},"4":{"name":"(anonymous_4)","decl":{"start":{"line":50,"column":25},"end":{"line":50,"column":26}},"loc":{"start":{"line":50,"column":69},"end":{"line":53,"column":5}},"line":50},"5":{"name":"(anonymous_5)","decl":{"start":{"line":55,"column":31},"end":{"line":55,"column":32}},"loc":{"start":{"line":58,"column":9},"end":{"line":66,"column":5}},"line":58},"6":{"name":"(anonymous_6)","decl":{"start":{"line":68,"column":30},"end":{"line":68,"column":31}},"loc":{"start":{"line":68,"column":74},"end":{"line":75,"column":5}},"line":68},"7":{"name":"(anonymous_7)","decl":{"start":{"line":91,"column":42},"end":{"line":91,"column":43}},"loc":{"start":{"line":93,"column":37},"end":{"line":98,"column":33}},"line":93},"8":{"name":"(anonymous_8)","decl":{"start":{"line":124,"column":46},"end":{"line":124,"column":47}},"loc":{"start":{"line":124,"column":52},"end":{"line":124,"column":65}},"line":124},"9":{"name":"(anonymous_9)","decl":{"start":{"line":164,"column":50},"end":{"line":164,"column":51}},"loc":{"start":{"line":166,"column":45},"end":{"line":171,"column":41}},"line":166},"10":{"name":"(anonymous_10)","decl":{"start":{"line":179,"column":40},"end":{"line":179,"column":41}},"loc":{"start":{"line":180,"column":44},"end":{"line":207,"column":50}},"line":180},"11":{"name":"(anonymous_11)","decl":{"start":{"line":198,"column":62},"end":{"line":198,"column":63}},"loc":{"start":{"line":200,"column":57},"end":{"line":205,"column":53}},"line":200},"12":{"name":"(anonymous_12)","decl":{"start":{"line":218,"column":37},"end":{"line":218,"column":38}},"loc":{"start":{"line":218,"column":43},"end":{"line":218,"column":73}},"line":218},"13":{"name":"(anonymous_13)","decl":{"start":{"line":225,"column":37},"end":{"line":225,"column":38}},"loc":{"start":{"line":225,"column":43},"end":{"line":225,"column":73}},"line":225},"14":{"name":"(anonymous_14)","decl":{"start":{"line":239,"column":34},"end":{"line":239,"column":35}},"loc":{"start":{"line":239,"column":78},"end":{"line":244,"column":25}},"line":239},"15":{"name":"(anonymous_15)","decl":{"start":{"line":248,"column":33},"end":{"line":248,"column":34}},"loc":{"start":{"line":248,"column":39},"end":{"line":250,"column":25}},"line":248}},"branchMap":{"0":{"loc":{"start":{"line":31,"column":12},"end":{"line":31,"column":71}},"type":"cond-expr","locations":[{"start":{"line":31,"column":43},"end":{"line":31,"column":44}},{"start":{"line":31,"column":47},"end":{"line":31,"column":71}}],"line":31},"1":{"loc":{"start":{"line":64,"column":22},"end":{"line":64,"column":66}},"type":"cond-expr","locations":[{"start":{"line":64,"column":32},"end":{"line":64,"column":46}},{"start":{"line":64,"column":49},"end":{"line":64,"column":66}}],"line":64},"2":{"loc":{"start":{"line":113,"column":31},"end":{"line":113,"column":63}},"type":"cond-expr","locations":[{"start":{"line":113,"column":55},"end":{"line":113,"column":58}},{"start":{"line":113,"column":61},"end":{"line":113,"column":63}}],"line":113},"3":{"loc":{"start":{"line":144,"column":29},"end":{"line":156,"column":29}},"type":"binary-expr","locations":[{"start":{"line":144,"column":29},"end":{"line":144,"column":73}},{"start":{"line":145,"column":32},"end":{"line":155,"column":35}}],"line":144},"4":{"loc":{"start":{"line":159,"column":29},"end":{"line":174,"column":29}},"type":"binary-expr","locations":[{"start":{"line":159,"column":29},"end":{"line":159,"column":70}},{"start":{"line":160,"column":32},"end":{"line":173,"column":45}}],"line":159},"5":{"loc":{"start":{"line":175,"column":29},"end":{"line":211,"column":29}},"type":"binary-expr","locations":[{"start":{"line":175,"column":29},"end":{"line":175,"column":73}},{"start":{"line":176,"column":32},"end":{"line":210,"column":45}}],"line":175}},"s":{"0":2,"1":54,"2":53,"3":54,"4":0,"5":0,"6":0,"7":54,"8":1,"9":1,"10":54,"11":0,"12":0,"13":54,"14":0,"15":0,"16":0,"17":54,"18":0,"19":0,"20":0,"21":54,"22":0,"23":1,"24":0,"25":81,"26":0,"27":2,"28":0,"29":1,"30":0},"f":{"0":54,"1":53,"2":0,"3":1,"4":0,"5":0,"6":0,"7":0,"8":1,"9":0,"10":81,"11":0,"12":2,"13":0,"14":1,"15":0},"b":{"0":[0,0],"1":[0,0],"2":[13,41],"3":[54,27],"4":[54,27],"5":[54,27]},"_coverageSchema":"1a1c01bbd47fc00a2c39e90264f33305004495a9","hash":"138f1cd5c0d828e0b445870b89166390b7c08610"}
,"C:\\Users\\harri\\OneDrive\\Desktop\\CISC275\\quizzer_start\\src\\quizzer\\QuizCard.tsx": {"path":"C:\\Users\\harri\\OneDrive\\Desktop\\CISC275\\quizzer_start\\src\\quizzer\\QuizCard.tsx","statementMap":{"0":{"start":{"line":12,"column":24},"end":{"line":40,"column":1}},"1":{"start":{"line":16,"column":30},"end":{"line":19,"column":5}},"2":{"start":{"line":18,"column":12},"end":{"line":18,"column":62}},"3":{"start":{"line":21,"column":4},"end":{"line":39,"column":6}},"4":{"start":{"line":27,"column":24},"end":{"line":27,"column":45}}},"fnMap":{"0":{"name":"(anonymous_0)","decl":{"start":{"line":12,"column":24},"end":{"line":12,"column":25}},"loc":{"start":{"line":15,"column":21},"end":{"line":40,"column":1}},"line":15},"1":{"name":"(anonymous_1)","decl":{"start":{"line":17,"column":8},"end":{"line":17,"column":9}},"loc":{"start":{"line":18,"column":12},"end":{"line":18,"column":62}},"line":18},"2":{"name":"(anonymous_2)","decl":{"start":{"line":26,"column":29},"end":{"line":26,"column":30}},"loc":{"start":{"line":26,"column":35},"end":{"line":28,"column":21}},"line":26}},"branchMap":{"0":{"loc":{"start":{"line":18,"column":12},"end":{"line":18,"column":62}},"type":"binary-expr","locations":[{"start":{"line":18,"column":13},"end":{"line":18,"column":27}},{"start":{"line":18,"column":31},"end":{"line":18,"column":42}},{"start":{"line":18,"column":47},"end":{"line":18,"column":62}}],"line":18},"1":{"loc":{"start":{"line":34,"column":21},"end":{"line":34,"column":62}},"type":"cond-expr","locations":[{"start":{"line":34,"column":54},"end":{"line":34,"column":57}},{"start":{"line":34,"column":60},"end":{"line":34,"column":62}}],"line":34}},"s":{"0":2,"1":90,"2":356,"3":90,"4":10},"f":{"0":90,"1":356,"2":10},"b":{"0":[356,302,160],"1":[90,0]},"_coverageSchema":"1a1c01bbd47fc00a2c39e90264f33305004495a9","hash":"16c8d490fcfcd1e93bd7742bf78e4ec2cef667e3"}
,"C:\\Users\\harri\\OneDrive\\Desktop\\CISC275\\quizzer_start\\src\\quizzer\\QuizEdit.tsx": {"path":"C:\\Users\\harri\\OneDrive\\Desktop\\CISC275\\quizzer_start\\src\\quizzer\\QuizEdit.tsx","statementMap":{"0":{"start":{"line":17,"column":24},"end":{"line":171,"column":1}},"1":{"start":{"line":24,"column":34},"end":{"line":24,"column":61}},"2":{"start":{"line":26,"column":25},"end":{"line":31,"column":5}},"3":{"start":{"line":27,"column":8},"end":{"line":30,"column":11}},"4":{"start":{"line":29,"column":79},"end":{"line":29,"column":138}},"5":{"start":{"line":33,"column":27},"end":{"line":38,"column":5}},"6":{"start":{"line":34,"column":8},"end":{"line":37,"column":11}},"7":{"start":{"line":36,"column":91},"end":{"line":36,"column":121}},"8":{"start":{"line":40,"column":24},"end":{"line":42,"column":5}},"9":{"start":{"line":41,"column":8},"end":{"line":41,"column":42}},"10":{"start":{"line":44,"column":25},"end":{"line":54,"column":5}},"11":{"start":{"line":45,"column":8},"end":{"line":45,"column":34}},"12":{"start":{"line":46,"column":27},"end":{"line":46,"column":58}},"13":{"start":{"line":47,"column":27},"end":{"line":47,"column":58}},"14":{"start":{"line":48,"column":8},"end":{"line":48,"column":56}},"15":{"start":{"line":49,"column":8},"end":{"line":49,"column":56}},"16":{"start":{"line":50,"column":8},"end":{"line":53,"column":11}},"17":{"start":{"line":56,"column":4},"end":{"line":170,"column":6}},"18":{"start":{"line":68,"column":36},"end":{"line":71,"column":38}},"19":{"start":{"line":85,"column":32},"end":{"line":88,"column":35}},"20":{"start":{"line":98,"column":28},"end":{"line":98,"column":76}},"21":{"start":{"line":106,"column":20},"end":{"line":114,"column":36}},"22":{"start":{"line":122,"column":24},"end":{"line":137,"column":27}},"23":{"start":{"line":148,"column":32},"end":{"line":148,"column":46}},"24":{"start":{"line":149,"column":32},"end":{"line":149,"column":45}},"25":{"start":{"line":161,"column":28},"end":{"line":161,"column":48}},"26":{"start":{"line":162,"column":28},"end":{"line":162,"column":40}}},"fnMap":{"0":{"name":"(anonymous_0)","decl":{"start":{"line":17,"column":24},"end":{"line":17,"column":25}},"loc":{"start":{"line":23,"column":21},"end":{"line":171,"column":1}},"line":23},"1":{"name":"(anonymous_1)","decl":{"start":{"line":26,"column":25},"end":{"line":26,"column":26}},"loc":{"start":{"line":26,"column":72},"end":{"line":31,"column":5}},"line":26},"2":{"name":"(anonymous_2)","decl":{"start":{"line":29,"column":51},"end":{"line":29,"column":52}},"loc":{"start":{"line":29,"column":79},"end":{"line":29,"column":138}},"line":29},"3":{"name":"(anonymous_3)","decl":{"start":{"line":33,"column":27},"end":{"line":33,"column":28}},"loc":{"start":{"line":33,"column":51},"end":{"line":38,"column":5}},"line":33},"4":{"name":"(anonymous_4)","decl":{"start":{"line":36,"column":54},"end":{"line":36,"column":55}},"loc":{"start":{"line":36,"column":91},"end":{"line":36,"column":121}},"line":36},"5":{"name":"(anonymous_5)","decl":{"start":{"line":40,"column":24},"end":{"line":40,"column":25}},"loc":{"start":{"line":40,"column":30},"end":{"line":42,"column":5}},"line":40},"6":{"name":"(anonymous_6)","decl":{"start":{"line":44,"column":25},"end":{"line":44,"column":26}},"loc":{"start":{"line":44,"column":57},"end":{"line":54,"column":5}},"line":44},"7":{"name":"(anonymous_7)","decl":{"start":{"line":65,"column":42},"end":{"line":65,"column":43}},"loc":{"start":{"line":68,"column":36},"end":{"line":71,"column":38}},"line":68},"8":{"name":"(anonymous_8)","decl":{"start":{"line":82,"column":38},"end":{"line":82,"column":39}},"loc":{"start":{"line":84,"column":33},"end":{"line":89,"column":29}},"line":84},"9":{"name":"(anonymous_9)","decl":{"start":{"line":97,"column":34},"end":{"line":97,"column":35}},"loc":{"start":{"line":98,"column":28},"end":{"line":98,"column":76}},"line":98},"10":{"name":"(anonymous_10)","decl":{"start":{"line":105,"column":42},"end":{"line":105,"column":43}},"loc":{"start":{"line":106,"column":20},"end":{"line":114,"column":36}},"line":106},"11":{"name":"(anonymous_11)","decl":{"start":{"line":121,"column":29},"end":{"line":121,"column":30}},"loc":{"start":{"line":121,"column":35},"end":{"line":138,"column":21}},"line":121},"12":{"name":"(anonymous_12)","decl":{"start":{"line":147,"column":37},"end":{"line":147,"column":38}},"loc":{"start":{"line":147,"column":43},"end":{"line":150,"column":29}},"line":147},"13":{"name":"(anonymous_13)","decl":{"start":{"line":160,"column":33},"end":{"line":160,"column":34}},"loc":{"start":{"line":160,"column":39},"end":{"line":163,"column":25}},"line":160}},"branchMap":{"0":{"loc":{"start":{"line":29,"column":79},"end":{"line":29,"column":138}},"type":"cond-expr","locations":[{"start":{"line":29,"column":112},"end":{"line":29,"column":123}},{"start":{"line":29,"column":126},"end":{"line":29,"column":138}}],"line":29}},"s":{"0":2,"1":13,"2":13,"3":2,"4":8,"5":13,"6":0,"7":0,"8":13,"9":5,"10":13,"11":2,"12":2,"13":2,"14":2,"15":2,"16":2,"17":13,"18":0,"19":2,"20":0,"21":54,"22":1,"23":5,"24":5,"25":1,"26":1},"f":{"0":13,"1":2,"2":8,"3":0,"4":0,"5":5,"6":2,"7":0,"8":2,"9":0,"10":54,"11":1,"12":5,"13":1},"b":{"0":[2,6]},"_coverageSchema":"1a1c01bbd47fc00a2c39e90264f33305004495a9","hash":"5dfb1d4bb871f939fb9a06532f488f87255c4632"}
,"C:\\Users\\harri\\OneDrive\\Desktop\\CISC275\\quizzer_start\\src\\quizzer\\QuizExpanded.tsx": {"path":"C:\\Users\\harri\\OneDrive\\Desktop\\CISC275\\quizzer_start\\src\\quizzer\\QuizExpanded.tsx","statementMap":{"0":{"start":{"line":16,"column":28},"end":{"line":119,"column":1}},"1":{"start":{"line":22,"column":30},"end":{"line":25,"column":5}},"2":{"start":{"line":24,"column":12},"end":{"line":24,"column":62}},"3":{"start":{"line":27,"column":20},"end":{"line":27,"column":39}},"4":{"start":{"line":28,"column":38},"end":{"line":30,"column":5}},"5":{"start":{"line":32,"column":33},"end":{"line":36,"column":5}},"6":{"start":{"line":33,"column":29},"end":{"line":33,"column":43}},"7":{"start":{"line":34,"column":8},"end":{"line":34,"column":44}},"8":{"start":{"line":35,"column":8},"end":{"line":35,"column":35}},"9":{"start":{"line":38,"column":24},"end":{"line":41,"column":5}},"10":{"start":{"line":39,"column":47},"end":{"line":39,"column":62}},"11":{"start":{"line":43,"column":22},"end":{"line":45,"column":5}},"12":{"start":{"line":44,"column":8},"end":{"line":44,"column":41}},"13":{"start":{"line":44,"column":26},"end":{"line":44,"column":39}},"14":{"start":{"line":47,"column":18},"end":{"line":57,"column":5}},"15":{"start":{"line":48,"column":8},"end":{"line":48,"column":58}},"16":{"start":{"line":49,"column":8},"end":{"line":54,"column":11}},"17":{"start":{"line":52,"column":44},"end":{"line":52,"column":68}},"18":{"start":{"line":56,"column":8},"end":{"line":56,"column":14}},"19":{"start":{"line":59,"column":28},"end":{"line":64,"column":5}},"20":{"start":{"line":60,"column":8},"end":{"line":63,"column":11}},"21":{"start":{"line":62,"column":76},"end":{"line":62,"column":158}},"22":{"start":{"line":66,"column":4},"end":{"line":118,"column":6}},"23":{"start":{"line":81,"column":28},"end":{"line":81,"column":36}},"24":{"start":{"line":82,"column":28},"end":{"line":82,"column":41}},"25":{"start":{"line":98,"column":16},"end":{"line":106,"column":32}}},"fnMap":{"0":{"name":"(anonymous_0)","decl":{"start":{"line":16,"column":28},"end":{"line":16,"column":29}},"loc":{"start":{"line":21,"column":25},"end":{"line":119,"column":1}},"line":21},"1":{"name":"(anonymous_1)","decl":{"start":{"line":23,"column":8},"end":{"line":23,"column":9}},"loc":{"start":{"line":24,"column":12},"end":{"line":24,"column":62}},"line":24},"2":{"name":"(anonymous_2)","decl":{"start":{"line":32,"column":33},"end":{"line":32,"column":34}},"loc":{"start":{"line":32,"column":52},"end":{"line":36,"column":5}},"line":32},"3":{"name":"(anonymous_3)","decl":{"start":{"line":39,"column":8},"end":{"line":39,"column":9}},"loc":{"start":{"line":39,"column":47},"end":{"line":39,"column":62}},"line":39},"4":{"name":"(anonymous_4)","decl":{"start":{"line":43,"column":22},"end":{"line":43,"column":23}},"loc":{"start":{"line":43,"column":37},"end":{"line":45,"column":5}},"line":43},"5":{"name":"(anonymous_5)","decl":{"start":{"line":44,"column":11},"end":{"line":44,"column":12}},"loc":{"start":{"line":44,"column":26},"end":{"line":44,"column":39}},"line":44},"6":{"name":"(anonymous_6)","decl":{"start":{"line":47,"column":18},"end":{"line":47,"column":19}},"loc":{"start":{"line":47,"column":24},"end":{"line":57,"column":5}},"line":47},"7":{"name":"(anonymous_7)","decl":{"start":{"line":52,"column":16},"end":{"line":52,"column":17}},"loc":{"start":{"line":52,"column":44},"end":{"line":52,"column":68}},"line":52},"8":{"name":"(anonymous_8)","decl":{"start":{"line":59,"column":28},"end":{"line":59,"column":29}},"loc":{"start":{"line":59,"column":65},"end":{"line":64,"column":5}},"line":59},"9":{"name":"(anonymous_9)","decl":{"start":{"line":62,"column":48},"end":{"line":62,"column":49}},"loc":{"start":{"line":62,"column":76},"end":{"line":62,"column":158}},"line":62},"10":{"name":"(anonymous_10)","decl":{"start":{"line":80,"column":33},"end":{"line":80,"column":34}},"loc":{"start":{"line":80,"column":39},"end":{"line":83,"column":25}},"line":80},"11":{"name":"(anonymous_11)","decl":{"start":{"line":97,"column":35},"end":{"line":97,"column":36}},"loc":{"start":{"line":98,"column":16},"end":{"line":106,"column":32}},"line":98}},"branchMap":{"0":{"loc":{"start":{"line":24,"column":12},"end":{"line":24,"column":62}},"type":"binary-expr","locations":[{"start":{"line":24,"column":13},"end":{"line":24,"column":27}},{"start":{"line":24,"column":31},"end":{"line":24,"column":42}},{"start":{"line":24,"column":47},"end":{"line":24,"column":62}}],"line":24},"1":{"loc":{"start":{"line":62,"column":76},"end":{"line":62,"column":158}},"type":"cond-expr","locations":[{"start":{"line":62,"column":109},"end":{"line":62,"column":143}},{"start":{"line":62,"column":146},"end":{"line":62,"column":158}}],"line":62},"2":{"loc":{"start":{"line":73,"column":25},"end":{"line":73,"column":66}},"type":"cond-expr","locations":[{"start":{"line":73,"column":58},"end":{"line":73,"column":61}},{"start":{"line":73,"column":64},"end":{"line":73,"column":66}}],"line":73}},"s":{"0":2,"1":20,"2":81,"3":20,"4":20,"5":20,"6":2,"7":2,"8":2,"9":20,"10":46,"11":20,"12":2,"13":2,"14":20,"15":7,"16":7,"17":28,"18":7,"19":20,"20":2,"21":8,"22":20,"23":6,"24":6,"25":46},"f":{"0":20,"1":81,"2":2,"3":46,"4":2,"5":2,"6":7,"7":28,"8":2,"9":8,"10":6,"11":46},"b":{"0":[81,72,44],"1":[2,6],"2":[20,0]},"_coverageSchema":"1a1c01bbd47fc00a2c39e90264f33305004495a9","hash":"c79d2cee2216d2635af62d15852f3a2460698826"}
,"C:\\Users\\harri\\OneDrive\\Desktop\\CISC275\\quizzer_start\\src\\quizzer\\QuizList.tsx": {"path":"C:\\Users\\harri\\OneDrive\\Desktop\\CISC275\\quizzer_start\\src\\quizzer\\QuizList.tsx","statementMap":{"0":{"start":{"line":15,"column":24},"end":{"line":62,"column":1}},"1":{"start":{"line":21,"column":38},"end":{"line":21,"column":67}},"2":{"start":{"line":23,"column":27},"end":{"line":25,"column":5}},"3":{"start":{"line":24,"column":8},"end":{"line":24,"column":25}},"4":{"start":{"line":27,"column":26},"end":{"line":29,"column":5}},"5":{"start":{"line":28,"column":8},"end":{"line":28,"column":27}},"6":{"start":{"line":31,"column":4},"end":{"line":61,"column":6}},"7":{"start":{"line":36,"column":24},"end":{"line":40,"column":36}},"8":{"start":{"line":48,"column":16},"end":{"line":58,"column":17}},"9":{"start":{"line":49,"column":20},"end":{"line":57,"column":22}}},"fnMap":{"0":{"name":"(anonymous_0)","decl":{"start":{"line":15,"column":24},"end":{"line":15,"column":25}},"loc":{"start":{"line":20,"column":21},"end":{"line":62,"column":1}},"line":20},"1":{"name":"(anonymous_1)","decl":{"start":{"line":23,"column":27},"end":{"line":23,"column":28}},"loc":{"start":{"line":23,"column":43},"end":{"line":25,"column":5}},"line":23},"2":{"name":"(anonymous_2)","decl":{"start":{"line":27,"column":26},"end":{"line":27,"column":27}},"loc":{"start":{"line":27,"column":32},"end":{"line":29,"column":5}},"line":27},"3":{"name":"(anonymous_3)","decl":{"start":{"line":35,"column":33},"end":{"line":35,"column":34}},"loc":{"start":{"line":36,"column":24},"end":{"line":40,"column":36}},"line":36},"4":{"name":"(anonymous_4)","decl":{"start":{"line":47,"column":25},"end":{"line":47,"column":26}},"loc":{"start":{"line":47,"column":41},"end":{"line":59,"column":13}},"line":47}},"branchMap":{"0":{"loc":{"start":{"line":33,"column":13},"end":{"line":46,"column":13}},"type":"binary-expr","locations":[{"start":{"line":33,"column":13},"end":{"line":33,"column":23}},{"start":{"line":34,"column":16},"end":{"line":45,"column":19}}],"line":33},"1":{"loc":{"start":{"line":48,"column":16},"end":{"line":58,"column":17}},"type":"if","locations":[{"start":{"line":48,"column":16},"end":{"line":58,"column":17}},{"start":{},"end":{}}],"line":48}},"s":{"0":2,"1":42,"2":42,"3":10,"4":42,"5":1,"6":42,"7":90,"8":210,"9":24},"f":{"0":42,"1":10,"2":1,"3":90,"4":210},"b":{"0":[42,18],"1":[24,186]},"_coverageSchema":"1a1c01bbd47fc00a2c39e90264f33305004495a9","hash":"825c0aca010c4bf45ea50a0294b0395a2334a9fd"}
,"C:\\Users\\harri\\OneDrive\\Desktop\\CISC275\\quizzer_start\\src\\quizzer\\QuizQuestion.tsx": {"path":"C:\\Users\\harri\\OneDrive\\Desktop\\CISC275\\quizzer_start\\src\\quizzer\\QuizQuestion.tsx","statementMap":{"0":{"start":{"line":17,"column":28},"end":{"line":95,"column":1}},"1":{"start":{"line":25,"column":24},"end":{"line":29,"column":5}},"2":{"start":{"line":26,"column":8},"end":{"line":28,"column":9}},"3":{"start":{"line":27,"column":12},"end":{"line":27,"column":57}},"4":{"start":{"line":31,"column":30},"end":{"line":36,"column":5}},"5":{"start":{"line":32,"column":8},"end":{"line":32,"column":28}},"6":{"start":{"line":33,"column":8},"end":{"line":35,"column":9}},"7":{"start":{"line":34,"column":12},"end":{"line":34,"column":39}},"8":{"start":{"line":38,"column":4},"end":{"line":94,"column":6}},"9":{"start":{"line":64,"column":36},"end":{"line":72,"column":38}}},"fnMap":{"0":{"name":"(anonymous_0)","decl":{"start":{"line":17,"column":28},"end":{"line":17,"column":29}},"loc":{"start":{"line":24,"column":25},"end":{"line":95,"column":1}},"line":24},"1":{"name":"(anonymous_1)","decl":{"start":{"line":25,"column":24},"end":{"line":25,"column":25}},"loc":{"start":{"line":25,"column":44},"end":{"line":29,"column":5}},"line":25},"2":{"name":"(anonymous_2)","decl":{"start":{"line":31,"column":30},"end":{"line":31,"column":31}},"loc":{"start":{"line":31,"column":36},"end":{"line":36,"column":5}},"line":31},"3":{"name":"(anonymous_3)","decl":{"start":{"line":63,"column":32},"end":{"line":63,"column":33}},"loc":{"start":{"line":64,"column":36},"end":{"line":72,"column":38}},"line":64}},"branchMap":{"0":{"loc":{"start":{"line":26,"column":8},"end":{"line":28,"column":9}},"type":"if","locations":[{"start":{"line":26,"column":8},"end":{"line":28,"column":9}},{"start":{},"end":{}}],"line":26},"1":{"loc":{"start":{"line":33,"column":8},"end":{"line":35,"column":9}},"type":"if","locations":[{"start":{"line":33,"column":8},"end":{"line":35,"column":9}},{"start":{},"end":{}}],"line":33},"2":{"loc":{"start":{"line":47,"column":45},"end":{"line":47,"column":77}},"type":"cond-expr","locations":[{"start":{"line":47,"column":69},"end":{"line":47,"column":72}},{"start":{"line":47,"column":75},"end":{"line":47,"column":77}}],"line":47},"3":{"loc":{"start":{"line":51,"column":21},"end":{"line":59,"column":21}},"type":"binary-expr","locations":[{"start":{"line":51,"column":21},"end":{"line":51,"column":62}},{"start":{"line":52,"column":24},"end":{"line":58,"column":37}}],"line":51},"4":{"loc":{"start":{"line":60,"column":21},"end":{"line":76,"column":21}},"type":"binary-expr","locations":[{"start":{"line":60,"column":21},"end":{"line":60,"column":65}},{"start":{"line":61,"column":24},"end":{"line":75,"column":30}}],"line":60},"5":{"loc":{"start":{"line":78,"column":39},"end":{"line":78,"column":64}},"type":"cond-expr","locations":[{"start":{"line":78,"column":51},"end":{"line":78,"column":53}},{"start":{"line":78,"column":56},"end":{"line":78,"column":64}}],"line":78},"6":{"loc":{"start":{"line":79,"column":29},"end":{"line":81,"column":37}},"type":"cond-expr","locations":[{"start":{"line":80,"column":34},"end":{"line":80,"column":38}},{"start":{"line":81,"column":34},"end":{"line":81,"column":37}}],"line":79}},"s":{"0":2,"1":46,"2":2,"3":2,"4":46,"5":2,"6":2,"7":2,"8":46,"9":72},"f":{"0":46,"1":2,"2":2,"3":72},"b":{"0":[2,0],"1":[2,0],"2":[3,43],"3":[46,22],"4":[46,24],"5":[2,44],"6":[4,42]},"_coverageSchema":"1a1c01bbd47fc00a2c39e90264f33305004495a9","hash":"a885473ee7e13fa70887cedeb598d34c774d57c0"}
,"C:\\Users\\harri\\OneDrive\\Desktop\\CISC275\\quizzer_start\\src\\quizzer\\QuizView.tsx": {"path":"C:\\Users\\harri\\OneDrive\\Desktop\\CISC275\\quizzer_start\\src\\quizzer\\QuizView.tsx","statementMap":{"0":{"start":{"line":15,"column":24},"end":{"line":48,"column":1}},"1":{"start":{"line":21,"column":28},"end":{"line":21,"column":43}},"2":{"start":{"line":23,"column":23},"end":{"line":25,"column":5}},"3":{"start":{"line":24,"column":8},"end":{"line":24,"column":23}},"4":{"start":{"line":27,"column":4},"end":{"line":47,"column":6}}},"fnMap":{"0":{"name":"(anonymous_0)","decl":{"start":{"line":15,"column":24},"end":{"line":15,"column":25}},"loc":{"start":{"line":20,"column":21},"end":{"line":48,"column":1}},"line":20},"1":{"name":"(anonymous_1)","decl":{"start":{"line":23,"column":23},"end":{"line":23,"column":24}},"loc":{"start":{"line":23,"column":29},"end":{"line":25,"column":5}},"line":23}},"branchMap":{"0":{"loc":{"start":{"line":29,"column":13},"end":{"line":37,"column":13}},"type":"binary-expr","locations":[{"start":{"line":29,"column":13},"end":{"line":29,"column":17}},{"start":{"line":30,"column":16},"end":{"line":36,"column":28}}],"line":29},"1":{"loc":{"start":{"line":38,"column":13},"end":{"line":45,"column":13}},"type":"binary-expr","locations":[{"start":{"line":38,"column":13},"end":{"line":38,"column":18}},{"start":{"line":39,"column":16},"end":{"line":44,"column":32}}],"line":38}},"s":{"0":2,"1":24,"2":24,"3":11,"4":24},"f":{"0":24,"1":11},"b":{"0":[24,6],"1":[24,18]},"_coverageSchema":"1a1c01bbd47fc00a2c39e90264f33305004495a9","hash":"a3b03913649cdcf94aa9b1be796f89751c012eba"}
,"C:\\Users\\harri\\OneDrive\\Desktop\\CISC275\\quizzer_start\\src\\quizzer\\Quizzer.tsx": {"path":"C:\\Users\\harri\\OneDrive\\Desktop\\CISC275\\quizzer_start\\src\\quizzer\\Quizzer.tsx","statementMap":{"0":{"start":{"line":10,"column":16},"end":{"line":21,"column":1}},"1":{"start":{"line":11,"column":21},"end":{"line":20,"column":5}},"2":{"start":{"line":14,"column":30},"end":{"line":18,"column":13}},"3":{"start":{"line":23,"column":23},"end":{"line":109,"column":1}},"4":{"start":{"line":24,"column":34},"end":{"line":24,"column":59}},"5":{"start":{"line":25,"column":44},"end":{"line":25,"column":59}},"6":{"start":{"line":28,"column":8},"end":{"line":30,"column":10}},"7":{"start":{"line":29,"column":44},"end":{"line":29,"column":70}},"8":{"start":{"line":34,"column":30},"end":{"line":34,"column":112}},"9":{"start":{"line":35,"column":8},"end":{"line":35,"column":42}},"10":{"start":{"line":39,"column":8},"end":{"line":39,"column":71}},"11":{"start":{"line":39,"column":56},"end":{"line":39,"column":68}},"12":{"start":{"line":42,"column":28},"end":{"line":42,"column":55}},"13":{"start":{"line":42,"column":34},"end":{"line":42,"column":55}},"14":{"start":{"line":43,"column":29},"end":{"line":43,"column":57}},"15":{"start":{"line":43,"column":35},"end":{"line":43,"column":57}},"16":{"start":{"line":45,"column":4},"end":{"line":108,"column":6}}},"fnMap":{"0":{"name":"(anonymous_0)","decl":{"start":{"line":11,"column":4},"end":{"line":11,"column":5}},"loc":{"start":{"line":11,"column":21},"end":{"line":20,"column":5}},"line":11},"1":{"name":"(anonymous_1)","decl":{"start":{"line":14,"column":12},"end":{"line":14,"column":13}},"loc":{"start":{"line":14,"column":30},"end":{"line":18,"column":13}},"line":14},"2":{"name":"(anonymous_2)","decl":{"start":{"line":23,"column":23},"end":{"line":23,"column":24}},"loc":{"start":{"line":23,"column":29},"end":{"line":109,"column":1}},"line":23},"3":{"name":"editQuiz","decl":{"start":{"line":27,"column":13},"end":{"line":27,"column":21}},"loc":{"start":{"line":27,"column":50},"end":{"line":31,"column":5}},"line":27},"4":{"name":"(anonymous_4)","decl":{"start":{"line":29,"column":24},"end":{"line":29,"column":25}},"loc":{"start":{"line":29,"column":44},"end":{"line":29,"column":70}},"line":29},"5":{"name":"addQuiz","decl":{"start":{"line":33,"column":13},"end":{"line":33,"column":20}},"loc":{"start":{"line":33,"column":50},"end":{"line":36,"column":5}},"line":33},"6":{"name":"deleteQuiz","decl":{"start":{"line":38,"column":13},"end":{"line":38,"column":23}},"loc":{"start":{"line":38,"column":37},"end":{"line":40,"column":5}},"line":38},"7":{"name":"(anonymous_7)","decl":{"start":{"line":39,"column":34},"end":{"line":39,"column":35}},"loc":{"start":{"line":39,"column":56},"end":{"line":39,"column":68}},"line":39},"8":{"name":"(anonymous_8)","decl":{"start":{"line":42,"column":28},"end":{"line":42,"column":29}},"loc":{"start":{"line":42,"column":34},"end":{"line":42,"column":55}},"line":42},"9":{"name":"(anonymous_9)","decl":{"start":{"line":43,"column":29},"end":{"line":43,"column":30}},"loc":{"start":{"line":43,"column":35},"end":{"line":43,"column":57}},"line":43}},"branchMap":{"0":{"loc":{"start":{"line":29,"column":44},"end":{"line":29,"column":70}},"type":"cond-expr","locations":[{"start":{"line":29,"column":59},"end":{"line":29,"column":66}},{"start":{"line":29,"column":69},"end":{"line":29,"column":70}}],"line":29}},"s":{"0":2,"1":10,"2":40,"3":2,"4":33,"5":32,"6":14,"7":70,"8":1,"9":1,"10":1,"11":5,"12":32,"13":1,"14":32,"15":1,"16":32},"f":{"0":10,"1":40,"2":33,"3":14,"4":70,"5":1,"6":1,"7":5,"8":1,"9":1},"b":{"0":[14,56]},"_coverageSchema":"1a1c01bbd47fc00a2c39e90264f33305004495a9","hash":"8b92d4f1f43a2b4c8a5b0e96989f7784dd00334b"}
}
